2026-04-27 17:40:41 | Aplicacion iniciada
2026-04-27 17:40:41 | Proxy deshabilitado
2026-04-27 17:40:43 | Clima actualizado para Cordoba: 17.3 C, hora 2026-04-27 17:41
2026-04-27 17:41:05 | Credenciales locales validas para usuario admin
2026-04-27 17:41:09 | No se pudo validar contra API auth: Connection refused
2026-04-27 17:41:09 | Login valido. Iniciando preparacion de la ventana principal
2026-04-27 17:41:09 | Descargando imagen principal desde URL publica
2026-04-27 17:41:10 | Imagen principal descargada
2026-04-27 17:41:26 | Aplicacion iniciada
2026-04-27 17:41:26 | Proxy deshabilitado
2026-04-27 17:41:26 | Clima actualizado para Cordoba: 17.3 C, hora 2026-04-27 17:41
2026-04-27 17:42:53 | Aplicacion iniciada
2026-04-27 17:42:53 | Proxy deshabilitado
2026-04-27 17:42:54 | Clima actualizado para Cordoba: 17.3 C, hora 2026-04-27 17:41
2026-04-27 17:43:00 | Login fallido. Intento 1
2026-04-27 17:43:13 | Credenciales locales validas para usuario admin
2026-04-27 17:43:17 | No se pudo validar contra API auth: Connection refused
2026-04-27 17:43:17 | Login valido. Iniciando preparacion de la ventana principal
2026-04-27 17:43:17 | Imagen principal lista desde cache
2026-04-27 17:50:57 | Aplicacion iniciada
2026-04-27 17:50:57 | Proxy deshabilitado
2026-04-27 17:50:58 | Clima actualizado para Cordoba: 17.1 C, hora 2026-04-27 17:51
2026-04-27 17:51:11 | Login fallido. Intento 1
2026-04-27 17:51:16 | Login fallido. Intento 2
2026-04-27 17:51:25 | Credenciales locales validas para usuario admin
2026-04-27 17:51:29 | No se pudo validar contra API auth: Connection refused
2026-04-27 17:51:29 | Login valido. Iniciando preparacion de la ventana principal
2026-04-27 17:51:29 | Imagen principal lista desde cache
2026-04-27 17:52:38 | Aplicacion iniciada
2026-04-27 17:52:38 | Proxy deshabilitado
2026-04-27 17:52:39 | Clima actualizado para Cordoba: 17.1 C, hora 2026-04-27 17:51
2026-04-27 17:52:44 | Login fallido. Intento 1
2026-04-27 17:56:56 | Aplicacion iniciada
2026-04-27 17:56:56 | Proxy deshabilitado
2026-04-27 17:56:57 | Clima actualizado para Cordoba: 17.1 C, hora 2026-04-27 17:56
2026-04-27 17:57:03 | Credenciales locales validas para usuario admin
2026-04-27 17:57:03 | Login valido. Iniciando preparacion de la ventana principal
2026-04-27 17:57:03 | Imagen principal lista desde cache
2026-04-27 18:13:18 | Aplicacion iniciada
2026-04-27 18:13:18 | Proxy deshabilitado
2026-04-27 18:13:19 | Clima actualizado para Cordoba: 17.4 C, hora 2026-04-27 18:12
2026-04-27 18:13:34 | Credenciales locales validas para usuario admin
2026-04-27 18:13:34 | Login valido. Iniciando preparacion de la ventana principal
2026-04-27 18:13:34 | Imagen principal lista desde cache
2026-04-27 18:15:24 | Aplicacion iniciada
2026-04-27 18:15:24 | Proxy deshabilitado
2026-04-27 18:15:24 | Clima actualizado para Cordoba: 17.4 C, hora 2026-04-27 18:12
2026-04-28 12:20:05 | Aplicacion iniciada
2026-04-28 12:20:05 | Proxy deshabilitado
2026-04-28 12:20:06 | Clima actualizado para Cordoba: 16.3 C, hora 2026-04-28 12:19
2026-04-28 12:40:41 | Aplicacion iniciada
2026-04-28 12:40:41 | Proxy deshabilitado
2026-04-28 12:40:42 | Clima actualizado para Cordoba: 16.1 C, hora 2026-04-28 12:41
2026-04-28 12:41:05 | Credenciales locales validas para usuario admin
2026-04-28 12:41:05 | Login valido. Iniciando preparacion de la ventana principal
2026-04-28 12:41:05 | Descargando imagen principal desde URL publica
2026-04-28 12:41:05 | Imagen principal descargada
2026-04-28 12:44:32 | Aplicacion iniciada
2026-04-28 12:44:32 | Proxy deshabilitado
2026-04-28 12:44:33 | Clima actualizado para Cordoba: 16.1 C, hora 2026-04-28 12:45
2026-04-28 12:44:38 | Credenciales locales validas para usuario admin
2026-04-28 12:44:38 | Login valido. Iniciando preparacion de la ventana principal
2026-04-28 12:44:38 | Imagen principal lista desde cache
2026-04-28 12:48:44 | Aplicacion iniciada
2026-04-28 12:48:44 | Proxy deshabilitado
2026-04-28 12:48:44 | Clima actualizado para Cordoba: 16.1 C, hora 2026-04-28 12:45
2026-04-28 12:48:50 | Credenciales locales validas para usuario admin
2026-04-28 12:48:50 | Login valido. Iniciando preparacion de la ventana principal
2026-04-28 12:48:50 | Descargando imagen principal desde URL publica
2026-04-28 12:48:50 | Imagen principal descargada
2026-04-28 12:53:20 | Aplicacion iniciada
2026-04-28 12:53:20 | Proxy deshabilitado
2026-04-28 12:53:21 | Clima actualizado para Cordoba: 16.2 C, hora 2026-04-28 12:53
2026-04-28 12:53:27 | Credenciales locales validas para usuario admin
2026-04-28 12:53:27 | Login valido. Iniciando preparacion de la ventana principal
2026-04-28 12:53:27 | Descargando imagen principal desde URL publica
2026-04-28 12:53:27 | Imagen principal descargada
2026-04-28 12:54:20 | Aplicacion iniciada
2026-04-28 12:54:20 | Proxy deshabilitado
2026-04-28 12:54:20 | Clima actualizado para Cordoba: 16.2 C, hora 2026-04-28 12:53
2026-04-28 12:54:25 | Credenciales locales validas para usuario admin
2026-04-28 12:54:25 | Login valido. Iniciando preparacion de la ventana principal
2026-04-28 12:54:25 | Imagen principal lista desde cache
2026-04-28 12:55:02 | Aplicacion iniciada
2026-04-28 12:55:02 | Proxy deshabilitado
2026-04-28 12:55:02 | Clima actualizado para Cordoba: 16.2 C, hora 2026-04-28 12:53
2026-04-28 12:55:08 | Credenciales locales validas para usuario admin
2026-04-28 12:55:08 | Login valido. Iniciando preparacion de la ventana principal
2026-04-28 12:55:08 | Imagen principal lista desde cache
2026-04-28 12:58:32 | Aplicacion iniciada
2026-04-28 12:58:32 | Proxy deshabilitado
2026-04-28 12:58:32 | Clima actualizado para Cordoba: 16.1 C, hora 2026-04-28 12:41
2026-04-28 12:58:38 | Credenciales locales validas para usuario admin
2026-04-28 12:58:38 | Login valido. Iniciando preparacion de la ventana principal
2026-04-28 12:58:38 | Imagen principal lista desde cache
2026-04-28 13:00:12 | Aplicacion iniciada
2026-04-28 13:00:12 | Proxy deshabilitado
2026-04-28 13:00:12 | Clima actualizado para Cordoba: 16.1 C, hora 2026-04-28 12:41
2026-04-28 13:00:16 | Credenciales locales validas para usuario admin
2026-04-28 13:00:16 | Login valido. Iniciando preparacion de la ventana principal
2026-04-28 13:00:16 | Imagen principal lista desde cache
2026-04-28 13:07:02 | Aplicacion iniciada
2026-04-28 13:07:02 | Proxy deshabilitado
2026-04-28 13:07:02 | Clima actualizado para Cordoba: 16.2 C, hora 2026-04-28 12:58
2026-04-28 13:07:06 | Credenciales locales validas para usuario admin
2026-04-28 13:07:06 | Login valido. Iniciando preparacion de la ventana principal
2026-04-28 13:07:06 | Imagen principal lista desde cache
2026-04-28 13:07:21 | Aplicacion iniciada
2026-04-28 13:07:21 | Proxy deshabilitado
2026-04-28 13:07:21 | Clima actualizado para Cordoba: 16.2 C, hora 2026-04-28 12:58
2026-04-28 13:07:25 | Credenciales locales validas para usuario admin
2026-04-28 13:07:25 | Login valido. Iniciando preparacion de la ventana principal
2026-04-28 13:07:25 | Imagen principal lista desde cache
2026-04-28 13:11:50 | Aplicacion iniciada
2026-04-28 13:11:50 | Proxy deshabilitado
2026-04-28 13:11:50 | Clima actualizado para Cordoba: 16.2 C, hora 2026-04-28 13:12
2026-04-28 13:11:55 | Credenciales locales validas para usuario admin
2026-04-28 13:11:55 | Login valido. Iniciando preparacion de la ventana principal
2026-04-28 13:11:55 | Imagen principal lista desde cache
2026-04-28 13:14:40 | Aplicacion iniciada
2026-04-28 13:14:40 | Proxy deshabilitado
2026-04-28 13:14:40 | Clima actualizado para Cordoba: 16.2 C, hora 2026-04-28 13:12
2026-04-28 13:14:45 | Credenciales locales validas para usuario admin
2026-04-28 13:14:45 | Login valido. Iniciando preparacion de la ventana principal
2026-04-28 13:14:45 | Imagen principal lista desde cache
2026-04-28 13:18:34 | Aplicacion iniciada
2026-04-28 13:18:34 | Proxy deshabilitado
2026-04-28 13:18:35 | Clima actualizado para Cordoba: 16.2 C, hora 2026-04-28 13:12
2026-04-28 13:18:39 | Credenciales locales validas para usuario admin
2026-04-28 13:18:39 | Login valido. Iniciando preparacion de la ventana principal
2026-04-28 13:18:39 | Imagen principal lista desde cache
2026-04-28 13:23:30 | Aplicacion iniciada
2026-04-28 13:23:30 | Proxy deshabilitado
2026-04-28 13:23:30 | Clima actualizado para Cordoba: 16.2 C, hora 2026-04-28 13:06
2026-04-28 13:23:35 | Credenciales locales validas para usuario admin
2026-04-28 13:23:35 | Login valido. Iniciando preparacion de la ventana principal
2026-04-28 13:23:35 | Imagen principal lista desde cache
2026-04-28 13:27:00 | Aplicacion iniciada
2026-04-28 13:27:00 | Proxy deshabilitado
2026-04-28 13:27:00 | Clima actualizado para Cordoba: 16.2 C, hora 2026-04-28 13:19
2026-04-28 13:27:05 | Credenciales locales validas para usuario admin
2026-04-28 13:27:05 | Login valido. Iniciando preparacion de la ventana principal
2026-04-28 13:27:05 | Imagen principal lista desde cache
2026-04-28 23:13:19 | Aplicacion iniciada
2026-04-28 23:13:19 | Proxy deshabilitado
2026-04-28 23:13:20 | Clima actualizado para Cordoba: 8.4 C, hora 2026-04-28 23:13
2026-04-28 23:13:27 | Credenciales locales validas para usuario admin
2026-04-28 23:13:27 | Login valido. Iniciando preparacion de la ventana principal
2026-04-28 23:13:27 | Imagen principal lista desde cache
2026-04-28 23:24:52 | Aplicacion iniciada
2026-04-28 23:24:52 | Proxy deshabilitado
2026-04-28 23:24:53 | Clima actualizado para Cordoba: 8.1 C, hora 2026-04-28 23:24
2026-04-28 23:24:58 | Credenciales locales validas para usuario admin
2026-04-28 23:24:58 | Login valido. Iniciando preparacion de la ventana principal
2026-04-28 23:24:58 | Imagen principal lista desde cache
2026-04-28 23:26:47 | Aplicacion iniciada
2026-04-28 23:26:47 | Proxy deshabilitado
2026-04-28 23:26:48 | Clima actualizado para Cordoba: 8.1 C, hora 2026-04-28 23:24
2026-04-28 23:26:53 | Credenciales locales validas para usuario admin
2026-04-28 23:26:53 | Login valido. Iniciando preparacion de la ventana principal
2026-04-28 23:26:53 | Imagen principal lista desde cache
2026-04-29 10:06:09 | Aplicacion iniciada
2026-04-29 10:06:09 | Proxy deshabilitado
2026-04-29 10:06:09 | Clima actualizado para Cordoba: 11.3 C, hora 2026-04-29 10:06
2026-04-29 10:06:17 | Login fallido. Intento 1
2026-04-29 10:06:18 | Login fallido. Intento 2
2026-04-29 10:06:20 | Login fallido. Intento 3
2026-04-29 10:06:20 | Usuario bloqueado temporalmente por 30 segundos
2026-04-29 10:06:25 | Aplicacion iniciada
2026-04-29 10:06:25 | Proxy deshabilitado
2026-04-29 10:06:26 | Clima actualizado para Cordoba: 11.3 C, hora 2026-04-29 10:06
2026-04-29 10:06:35 | Credenciales locales validas para usuario admin
2026-04-29 10:06:35 | Login valido. Iniciando preparacion de la ventana principal
2026-04-29 10:06:35 | Imagen principal lista desde cache
2026-04-29 10:38:16 | Aplicacion iniciada
2026-04-29 10:38:16 | Proxy deshabilitado
2026-04-29 10:38:16 | Clima actualizado para Cordoba: 14.1 C, hora 2026-04-29 10:37
2026-04-29 10:38:23 | Credenciales locales validas para usuario admin
2026-04-29 10:38:23 | Login valido. Iniciando preparacion de la ventana principal
2026-04-29 10:38:23 | Imagen principal lista desde cache
